var bunyan = require('bunyan');

function OCIInfoStream() {}

InfoStream.prototype.write = function(data) {
  console.log("Inside info:"+data)
}

function DebugInfoStream() {}

DebugStream.prototype.write = function(data) {
  console.log("Inside debug:"+data)
}

var log = bunyan.createLogger({
  name: "logger1",
  streams: [{
    level: "info",
    stream: new InfoStream()
  }, {
    level: "debug",
    stream: new DebugStream()
  }]
})

var log_default = bunyan.createLogger({
  name: "logger2"
})

log.level(bunyan.INFO)
log.info("info me")
log.debug("debug me")

log_default.level(bunyan.INFO)
log_default.info("default info me")
log_default.debug("default debug me")
